Using pre-set license
Built from '2020.3/staging' branch; Version is '2020.3.8f1 (507919d4fff5) revision 5273881'; Using compiler version '192528614'; Build Type 'Release'
OS: 'Windows 10 Pro; OS build 19042.928; Version 2009; 64bit' Language: 'ru' Physical Memory: 7542 MB
BatchMode: 1, IsHumanControllingUs: 0, StartBugReporterOnCrash: 0, Is64bit: 1, IsPro: 0

 COMMAND LINE ARGUMENTS:
C:\Program Files\Unity\Hub\Editor\2020.3.8f1\Editor\Unity.exe
-adb2
-batchMode
-noUpm
-name
AssetImportWorker0
-projectPath
C:/Users/Настя/Documents/GitHub/Melnikovs-team-game/игра01
-logFile
Logs/AssetImportWorker0.log
-srvPort
62938
Successfully changed project path to: C:/Users/Настя/Documents/GitHub/Melnikovs-team-game/игра01
C:/Users/Настя/Documents/GitHub/Melnikovs-team-game/игра01
Using Asset Import Pipeline V2.
Refreshing native plugins compatible for Editor in 59.61 ms, found 1 plugins.
Preloading 0 native plugins for Editor in 0.00 ms.
Initialize engine version: 2020.3.8f1 (507919d4fff5)
[Subsystems] Discovering subsystems at path C:/Program Files/Unity/Hub/Editor/2020.3.8f1/Editor/Data/Resources/UnitySubsystems
[Subsystems] Discovering subsystems at path C:/Users/Настя/Documents/GitHub/Melnikovs-team-game/игра01/Assets
GfxDevice: creating device client; threaded=0
Direct3D:
    Version:  Direct3D 11.0 [level 11.1]
    Renderer: AMD Radeon(TM) Graphics (ID=0x1636)
    Vendor:   
    VRAM:     3771 MB
    Driver:   27.20.11028.10001
Initialize mono
Mono path[0] = 'C:/Program Files/Unity/Hub/Editor/2020.3.8f1/Editor/Data/Managed'
Mono path[1] = 'C:/Program Files/Unity/Hub/Editor/2020.3.8f1/Editor/Data/MonoBleedingEdge/lib/mono/unityjit'
Mono config path = 'C:/Program Files/Unity/Hub/Editor/2020.3.8f1/Editor/Data/MonoBleedingEdge/etc'
Using monoOptions --debugger-agent=transport=dt_socket,embedding=1,server=y,suspend=n,address=127.0.0.1:56496
Begin MonoManager ReloadAssembly
Registering precompiled unity dll's ...
Register platform support module: C:/Program Files/Unity/Hub/Editor/2020.3.8f1/Editor/Data/PlaybackEngines/WindowsStandaloneSupport/UnityEditor.WindowsStandalone.Extensions.dll
Registered in 0.002566 seconds.
Native extension for WindowsStandalone target not found
Refreshing native plugins compatible for Editor in 104.85 ms, found 1 plugins.
Preloading 0 native plugins for Editor in 0.00 ms.
Mono: successfully reloaded assembly
- Completed reload, in  2.235 seconds
Platform modules already initialized, skipping
Registering precompiled user dll's ...
Registered in 0.002081 seconds.
Begin MonoManager ReloadAssembly
Native extension for WindowsStandalone target not found
Refreshing native plugins compatible for Editor in 84.46 ms, found 1 plugins.
Preloading 0 native plugins for Editor in 0.00 ms.
Mono: successfully reloaded assembly
- Completed reload, in  2.199 seconds
Platform modules already initialized, skipping
========================================================================
Worker process is ready to serve import requests
Launched and connected shader compiler UnityShaderCompiler.exe after 0.13 seconds
Refreshing native plugins compatible for Editor in 0.77 ms, found 1 plugins.
Preloading 0 native plugins for Editor in 0.00 ms.
Unloading 1988 Unused Serialized files (Serialized files now loaded: 0)
System memory in use before: 90.9 MB.
System memory in use after: 91.0 MB.

Unloading 20 unused Assets to reduce memory usage. Loaded Objects now: 2437.
Total: 3.257800 ms (FindLiveObjects: 0.351100 ms CreateObjectMapping: 0.126900 ms MarkObjects: 2.687600 ms  DeleteObjects: 0.089500 ms)

========================================================================
Received Import Request.
  path: Assets/Scenes/Pause.prefab
  artifactKey: Guid(4f89e6d830f6d6f42aee8d1d993c2c49) Importer(815301076,1909f56bfc062723c751e8b465ee728b)
Start importing Assets/Scenes/Pause.prefab using Guid(4f89e6d830f6d6f42aee8d1d993c2c49) Importer(815301076,1909f56bfc062723c751e8b465ee728b)  -> (artifact id: '81671fc267b5bc1d665f3c8575deefd9') in 0.291812 seconds
  Import took 0.297042 seconds .

========================================================================
Received Prepare
Refreshing native plugins compatible for Editor in 3.81 ms, found 1 plugins.
Preloading 0 native plugins for Editor in 0.00 ms.
Unloading 5 Unused Serialized files (Serialized files now loaded: 0)
System memory in use before: 54.6 MB.
System memory in use after: 54.7 MB.

Unloading 6 unused Assets to reduce memory usage. Loaded Objects now: 2444.
Total: 5.891300 ms (FindLiveObjects: 0.436800 ms CreateObjectMapping: 0.273800 ms MarkObjects: 5.121200 ms  DeleteObjects: 0.057300 ms)

========================================================================
Received Import Request.
  Time since last request: 37.813951 seconds.
  path: Assets/ClassRoomSprite/ChalkBoard.png
  artifactKey: Guid(ded723991a249de4586a92ba880162fb) Importer(815301076,1909f56bfc062723c751e8b465ee728b)
Start importing Assets/ClassRoomSprite/ChalkBoard.png using Guid(ded723991a249de4586a92ba880162fb) Importer(815301076,1909f56bfc062723c751e8b465ee728b)  -> (artifact id: 'fc739f137fc3b712d0015d564c488103') in 0.114114 seconds
  Import took 0.121200 seconds .

========================================================================
Received Import Request.
  Time since last request: 15.193657 seconds.
  path: Assets/ClassRoomSprite/ChalkBoard.png
  artifactKey: Guid(ded723991a249de4586a92ba880162fb) Importer(815301076,1909f56bfc062723c751e8b465ee728b)
Start importing Assets/ClassRoomSprite/ChalkBoard.png using Guid(ded723991a249de4586a92ba880162fb) Importer(815301076,1909f56bfc062723c751e8b465ee728b)  -> (artifact id: '545e05eb1f50466ed402c23d0961740e') in 0.056506 seconds
  Import took 0.062135 seconds .

========================================================================
Received Prepare
Registering precompiled user dll's ...
Registered in 0.002064 seconds.
Begin MonoManager ReloadAssembly
Native extension for WindowsStandalone target not found
Refreshing native plugins compatible for Editor in 0.75 ms, found 1 plugins.
Preloading 0 native plugins for Editor in 0.00 ms.
Mono: successfully reloaded assembly
- Completed reload, in  1.953 seconds
Platform modules already initialized, skipping
Refreshing native plugins compatible for Editor in 0.73 ms, found 1 plugins.
Preloading 0 native plugins for Editor in 0.00 ms.
Unloading 1976 Unused Serialized files (Serialized files now loaded: 0)
System memory in use before: 93.3 MB.
System memory in use after: 93.5 MB.

Unloading 8 unused Assets to reduce memory usage. Loaded Objects now: 2453.
Total: 4.405900 ms (FindLiveObjects: 0.348700 ms CreateObjectMapping: 0.128800 ms MarkObjects: 3.889600 ms  DeleteObjects: 0.036600 ms)

========================================================================
Received Import Request.
  Time since last request: 84.125987 seconds.
  path: Assets/Scenes/ChalkBoard_0.prefab
  artifactKey: Guid(3d31542ef3c7f3c4db6ca916685cefd2) Importer(815301076,1909f56bfc062723c751e8b465ee728b)
Start importing Assets/Scenes/ChalkBoard_0.prefab using Guid(3d31542ef3c7f3c4db6ca916685cefd2) Importer(815301076,1909f56bfc062723c751e8b465ee728b)  -> (artifact id: 'bc23cebaf6db3463b3565f21f4f70c3e') in 0.182028 seconds
  Import took 0.188285 seconds .

========================================================================
Received Prepare
Registering precompiled user dll's ...
Registered in 0.001326 seconds.
Begin MonoManager ReloadAssembly
Native extension for WindowsStandalone target not found
Refreshing native plugins compatible for Editor in 0.75 ms, found 1 plugins.
Preloading 0 native plugins for Editor in 0.00 ms.
Mono: successfully reloaded assembly
- Completed reload, in  1.995 seconds
Platform modules already initialized, skipping
Refreshing native plugins compatible for Editor in 0.73 ms, found 1 plugins.
Preloading 0 native plugins for Editor in 0.00 ms.
Unloading 1976 Unused Serialized files (Serialized files now loaded: 0)
System memory in use before: 93.4 MB.
System memory in use after: 93.5 MB.

Unloading 9 unused Assets to reduce memory usage. Loaded Objects now: 2458.
Total: 4.225300 ms (FindLiveObjects: 0.438700 ms CreateObjectMapping: 0.126200 ms MarkObjects: 3.609200 ms  DeleteObjects: 0.048900 ms)

AssetImportWorkerClient::OnTransportError - code=2 error=End of file
