Using pre-set license
Built from '2020.3/staging' branch; Version is '2020.3.8f1 (507919d4fff5) revision 5273881'; Using compiler version '192528614'; Build Type 'Release'
OS: 'Windows 10 Pro; OS build 19042.928; Version 2009; 64bit' Language: 'ru' Physical Memory: 7542 MB
BatchMode: 1, IsHumanControllingUs: 0, StartBugReporterOnCrash: 0, Is64bit: 1, IsPro: 0

 COMMAND LINE ARGUMENTS:
C:\Program Files\Unity\Hub\Editor\2020.3.8f1\Editor\Unity.exe
-adb2
-batchMode
-noUpm
-name
AssetImportWorker0
-projectPath
C:/Users/Настя/Documents/GitHub/Melnikovs-team-game/игра01
-logFile
Logs/AssetImportWorker0.log
-srvPort
55310
Successfully changed project path to: C:/Users/Настя/Documents/GitHub/Melnikovs-team-game/игра01
C:/Users/Настя/Documents/GitHub/Melnikovs-team-game/игра01
Using Asset Import Pipeline V2.
Refreshing native plugins compatible for Editor in 38.62 ms, found 1 plugins.
Preloading 0 native plugins for Editor in 0.00 ms.
Initialize engine version: 2020.3.8f1 (507919d4fff5)
[Subsystems] Discovering subsystems at path C:/Program Files/Unity/Hub/Editor/2020.3.8f1/Editor/Data/Resources/UnitySubsystems
[Subsystems] Discovering subsystems at path C:/Users/Настя/Documents/GitHub/Melnikovs-team-game/игра01/Assets
GfxDevice: creating device client; threaded=0
Direct3D:
    Version:  Direct3D 11.0 [level 11.1]
    Renderer: AMD Radeon(TM) Graphics (ID=0x1636)
    Vendor:   
    VRAM:     3771 MB
    Driver:   27.20.11028.10001
Initialize mono
Mono path[0] = 'C:/Program Files/Unity/Hub/Editor/2020.3.8f1/Editor/Data/Managed'
Mono path[1] = 'C:/Program Files/Unity/Hub/Editor/2020.3.8f1/Editor/Data/MonoBleedingEdge/lib/mono/unityjit'
Mono config path = 'C:/Program Files/Unity/Hub/Editor/2020.3.8f1/Editor/Data/MonoBleedingEdge/etc'
Using monoOptions --debugger-agent=transport=dt_socket,embedding=1,server=y,suspend=n,address=127.0.0.1:56144
Begin MonoManager ReloadAssembly
Registering precompiled unity dll's ...
Register platform support module: C:/Program Files/Unity/Hub/Editor/2020.3.8f1/Editor/Data/PlaybackEngines/WindowsStandaloneSupport/UnityEditor.WindowsStandalone.Extensions.dll
Registered in 0.001863 seconds.
Native extension for WindowsStandalone target not found
Refreshing native plugins compatible for Editor in 39.85 ms, found 1 plugins.
Preloading 0 native plugins for Editor in 0.00 ms.
Mono: successfully reloaded assembly
- Completed reload, in  1.002 seconds
Platform modules already initialized, skipping
Registering precompiled user dll's ...
Registered in 0.001085 seconds.
Begin MonoManager ReloadAssembly
Native extension for WindowsStandalone target not found
Refreshing native plugins compatible for Editor in 38.71 ms, found 1 plugins.
Preloading 0 native plugins for Editor in 0.00 ms.
Mono: successfully reloaded assembly
- Completed reload, in  0.972 seconds
Platform modules already initialized, skipping
========================================================================
Worker process is ready to serve import requests
Launched and connected shader compiler UnityShaderCompiler.exe after 0.04 seconds
Refreshing native plugins compatible for Editor in 0.45 ms, found 1 plugins.
Preloading 0 native plugins for Editor in 0.00 ms.
Unloading 1990 Unused Serialized files (Serialized files now loaded: 0)
System memory in use before: 90.9 MB.
System memory in use after: 91.0 MB.

Unloading 20 unused Assets to reduce memory usage. Loaded Objects now: 2439.
Total: 3.036300 ms (FindLiveObjects: 0.281500 ms CreateObjectMapping: 0.096500 ms MarkObjects: 2.585300 ms  DeleteObjects: 0.071300 ms)

========================================================================
Received Import Request.
  path: Assets/Scenes/Config.unity
  artifactKey: Guid(534bc69108ad46e499ccda7dbfc3a856) Importer(815301076,1909f56bfc062723c751e8b465ee728b)
Start importing Assets/Scenes/Config.unity using Guid(534bc69108ad46e499ccda7dbfc3a856) Importer(815301076,1909f56bfc062723c751e8b465ee728b)  -> (artifact id: '244709eadf56d4bbd508e8f2da95650c') in 0.018228 seconds
  Import took 0.021587 seconds .

========================================================================
Received Import Request.
  Time since last request: 2580.047559 seconds.
  path: Assets/Scenes/ExitGame.unity
  artifactKey: Guid(befbcf71e2b76c3439034d4787366abd) Importer(815301076,1909f56bfc062723c751e8b465ee728b)
Start importing Assets/Scenes/ExitGame.unity using Guid(befbcf71e2b76c3439034d4787366abd) Importer(815301076,1909f56bfc062723c751e8b465ee728b)  -> (artifact id: '7c272e7d0fa1d6235102f72b886dd907') in 0.010148 seconds
  Import took 0.015399 seconds .

========================================================================
Received Import Request.
  Time since last request: 1.251437 seconds.
  path: Assets/Scenes/GameLevels.unity
  artifactKey: Guid(65b0cbb8f4513124886f640d8fdf0c98) Importer(815301076,1909f56bfc062723c751e8b465ee728b)
Start importing Assets/Scenes/GameLevels.unity using Guid(65b0cbb8f4513124886f640d8fdf0c98) Importer(815301076,1909f56bfc062723c751e8b465ee728b)  -> (artifact id: 'b82d11e8fb4000588c166d474a6f4e2f') in 0.010043 seconds
  Import took 0.014684 seconds .

========================================================================
Received Import Request.
  Time since last request: 2.738298 seconds.
  path: Assets/Scenes/LevelOne.unity
  artifactKey: Guid(2cda990e2423bbf4892e6590ba056729) Importer(815301076,1909f56bfc062723c751e8b465ee728b)
Start importing Assets/Scenes/LevelOne.unity using Guid(2cda990e2423bbf4892e6590ba056729) Importer(815301076,1909f56bfc062723c751e8b465ee728b)  -> (artifact id: 'ee8cd9fe233c528333a917f8915dd669') in 0.008207 seconds
  Import took 0.013007 seconds .

========================================================================
Received Import Request.
  Time since last request: 600.491088 seconds.
  path: Assets/Scenes/Config.unity
  artifactKey: Guid(534bc69108ad46e499ccda7dbfc3a856) Importer(815301076,1909f56bfc062723c751e8b465ee728b)
Start importing Assets/Scenes/Config.unity using Guid(534bc69108ad46e499ccda7dbfc3a856) Importer(815301076,1909f56bfc062723c751e8b465ee728b)  -> (artifact id: '97bb4e46503fbf679739dc737f5e5d98') in 0.008974 seconds
  Import took 0.013950 seconds .

========================================================================
Received Import Request.
  Time since last request: 0.000896 seconds.
  path: Assets/Scenes/Config.unity
  artifactKey: Guid(534bc69108ad46e499ccda7dbfc3a856) Importer(815301076,1909f56bfc062723c751e8b465ee728b)
Start importing Assets/Scenes/Config.unity using Guid(534bc69108ad46e499ccda7dbfc3a856) Importer(815301076,1909f56bfc062723c751e8b465ee728b)  -> (artifact id: '97bb4e46503fbf679739dc737f5e5d98') in 0.004057 seconds
  Import took 0.007456 seconds .

========================================================================
Received Import Request.
  Time since last request: 194.753056 seconds.
  path: Assets/Scenes/GameLevels.unity
  artifactKey: Guid(65b0cbb8f4513124886f640d8fdf0c98) Importer(815301076,1909f56bfc062723c751e8b465ee728b)
Start importing Assets/Scenes/GameLevels.unity using Guid(65b0cbb8f4513124886f640d8fdf0c98) Importer(815301076,1909f56bfc062723c751e8b465ee728b)  -> (artifact id: 'ab78d4c1139aac9dbee5f674e855cc5d') in 0.003340 seconds
  Import took 0.008373 seconds .

========================================================================
Received Import Request.
  Time since last request: 245.553572 seconds.
  path: Assets/Scenes/Main Camera.prefab
  artifactKey: Guid(60a32093b998f0d438fbd719c518b403) Importer(815301076,1909f56bfc062723c751e8b465ee728b)
Start importing Assets/Scenes/Main Camera.prefab using Guid(60a32093b998f0d438fbd719c518b403) Importer(815301076,1909f56bfc062723c751e8b465ee728b)  -> (artifact id: 'a065c0771c14f1ae9e7f911a24f749c6') in 0.124790 seconds
  Import took 0.128630 seconds .

========================================================================
Received Import Request.
  Time since last request: 22.083403 seconds.
  path: Assets/Scenes/Main Camera.prefab
  artifactKey: Guid(60a32093b998f0d438fbd719c518b403) Importer(815301076,1909f56bfc062723c751e8b465ee728b)
Start importing Assets/Scenes/Main Camera.prefab using Guid(60a32093b998f0d438fbd719c518b403) Importer(815301076,1909f56bfc062723c751e8b465ee728b)  -> (artifact id: '39ae5e42d9272a212aadd922b3b8ec2f') in 0.019579 seconds
  Import took 0.023337 seconds .

========================================================================
Received Import Request.
  Time since last request: 304.049905 seconds.
  path: Assets/Scenes/Config.unity
  artifactKey: Guid(534bc69108ad46e499ccda7dbfc3a856) Importer(815301076,1909f56bfc062723c751e8b465ee728b)
Start importing Assets/Scenes/Config.unity using Guid(534bc69108ad46e499ccda7dbfc3a856) Importer(815301076,1909f56bfc062723c751e8b465ee728b)  -> (artifact id: '5781061af61fde15c679feec44183518') in 0.003799 seconds
  Import took 0.007753 seconds .

========================================================================
Received Import Request.
  Time since last request: 93.734543 seconds.
  path: Assets/Scenes/GameLevels.unity
  artifactKey: Guid(65b0cbb8f4513124886f640d8fdf0c98) Importer(815301076,1909f56bfc062723c751e8b465ee728b)
Start importing Assets/Scenes/GameLevels.unity using Guid(65b0cbb8f4513124886f640d8fdf0c98) Importer(815301076,1909f56bfc062723c751e8b465ee728b)  -> (artifact id: 'fe91df30dd6f79b7cb37e63b18af1d77') in 0.003011 seconds
  Import took 0.007176 seconds .

========================================================================
Received Prepare
Registering precompiled user dll's ...
Registered in 0.001059 seconds.
Begin MonoManager ReloadAssembly
Native extension for WindowsStandalone target not found
Refreshing native plugins compatible for Editor in 0.42 ms, found 1 plugins.
Preloading 0 native plugins for Editor in 0.00 ms.
Mono: successfully reloaded assembly
- Completed reload, in  0.892 seconds
Platform modules already initialized, skipping
Refreshing native plugins compatible for Editor in 0.42 ms, found 1 plugins.
Preloading 0 native plugins for Editor in 0.00 ms.
Unloading 1978 Unused Serialized files (Serialized files now loaded: 0)
System memory in use before: 93.4 MB.
System memory in use after: 93.5 MB.

Unloading 8 unused Assets to reduce memory usage. Loaded Objects now: 2450.
Total: 2.818200 ms (FindLiveObjects: 0.409900 ms CreateObjectMapping: 0.129400 ms MarkObjects: 2.250600 ms  DeleteObjects: 0.026400 ms)

========================================================================
Received Import Request.
  Time since last request: 496.104852 seconds.
  path: Assets/MenuGame/config.png
  artifactKey: Guid(bfefbd4839957fe4b918e90ab6a71841) Importer(815301076,1909f56bfc062723c751e8b465ee728b)
Start importing Assets/MenuGame/config.png using Guid(bfefbd4839957fe4b918e90ab6a71841) Importer(815301076,1909f56bfc062723c751e8b465ee728b)  -> (artifact id: '89870dbcbd17600b3f40e57d2a22e1eb') in 0.090092 seconds
  Import took 0.093404 seconds .

========================================================================
Received Import Request.
  Time since last request: 0.000286 seconds.
  path: Assets/MenuGame/Level1.png
  artifactKey: Guid(10c217af82078a24d858b6675d4a2280) Importer(815301076,1909f56bfc062723c751e8b465ee728b)
Start importing Assets/MenuGame/Level1.png using Guid(10c217af82078a24d858b6675d4a2280) Importer(815301076,1909f56bfc062723c751e8b465ee728b)  -> (artifact id: '17c5a73a19f8bddebc9327946f217015') in 0.015181 seconds
  Import took 0.018976 seconds .

========================================================================
Received Import Request.
  Time since last request: 0.000411 seconds.
  path: Assets/MenuGame/Level0.png
  artifactKey: Guid(03c197d022cdcf3479b99108d353d8ab) Importer(815301076,1909f56bfc062723c751e8b465ee728b)
Start importing Assets/MenuGame/Level0.png using Guid(03c197d022cdcf3479b99108d353d8ab) Importer(815301076,1909f56bfc062723c751e8b465ee728b)  -> (artifact id: 'd36cc4f41ec2dd18c37b308242ed3473') in 0.014904 seconds
  Import took 0.018494 seconds .

========================================================================
Received Import Request.
  Time since last request: 0.000235 seconds.
  path: Assets/MenuGame/Levels.png
  artifactKey: Guid(1ce1d0d0ad1a32942943ae39d7981114) Importer(815301076,1909f56bfc062723c751e8b465ee728b)
Start importing Assets/MenuGame/Levels.png using Guid(1ce1d0d0ad1a32942943ae39d7981114) Importer(815301076,1909f56bfc062723c751e8b465ee728b)  -> (artifact id: '6665e96d8e15cde519581e407ec9f0a0') in 0.016067 seconds
  Import took 0.020050 seconds .

========================================================================
Received Import Request.
  Time since last request: 0.000229 seconds.
  path: Assets/MenuGame/NAME.png
  artifactKey: Guid(6386b950ce5228b4b953f52382fe389b) Importer(815301076,1909f56bfc062723c751e8b465ee728b)
Start importing Assets/MenuGame/NAME.png using Guid(6386b950ce5228b4b953f52382fe389b) Importer(815301076,1909f56bfc062723c751e8b465ee728b)  -> (artifact id: '9fed53452a9d001e959a3ef7c796d8ae') in 0.016212 seconds
  Import took 0.019535 seconds .

========================================================================
Received Prepare
Registering precompiled user dll's ...
Registered in 0.000973 seconds.
Begin MonoManager ReloadAssembly
Native extension for WindowsStandalone target not found
Refreshing native plugins compatible for Editor in 0.43 ms, found 1 plugins.
Preloading 0 native plugins for Editor in 0.00 ms.
Mono: successfully reloaded assembly
- Completed reload, in  0.823 seconds
Platform modules already initialized, skipping
Refreshing native plugins compatible for Editor in 0.41 ms, found 1 plugins.
Preloading 0 native plugins for Editor in 0.00 ms.
Unloading 1978 Unused Serialized files (Serialized files now loaded: 0)
System memory in use before: 93.5 MB.
System memory in use after: 93.6 MB.

Unloading 8 unused Assets to reduce memory usage. Loaded Objects now: 2463.
Total: 2.137500 ms (FindLiveObjects: 0.280900 ms CreateObjectMapping: 0.092200 ms MarkObjects: 1.744500 ms  DeleteObjects: 0.018400 ms)

AssetImportWorkerClient::OnTransportError - code=2 error=End of file
