Using pre-set license
Built from '2020.3/staging' branch; Version is '2020.3.8f1 (507919d4fff5) revision 5273881'; Using compiler version '192528614'; Build Type 'Release'
OS: 'Windows 10 Pro; OS build 19042.928; Version 2009; 64bit' Language: 'ru' Physical Memory: 7542 MB
BatchMode: 1, IsHumanControllingUs: 0, StartBugReporterOnCrash: 0, Is64bit: 1, IsPro: 0

 COMMAND LINE ARGUMENTS:
C:\Program Files\Unity\Hub\Editor\2020.3.8f1\Editor\Unity.exe
-adb2
-batchMode
-noUpm
-name
AssetImportWorker0
-projectPath
C:/Users/Настя/Downloads/final_version/final_version
-logFile
Logs/AssetImportWorker0.log
-srvPort
59829
Successfully changed project path to: C:/Users/Настя/Downloads/final_version/final_version
C:/Users/Настя/Downloads/final_version/final_version
Using Asset Import Pipeline V2.
Refreshing native plugins compatible for Editor in 38.51 ms, found 1 plugins.
Preloading 0 native plugins for Editor in 0.00 ms.
Initialize engine version: 2020.3.8f1 (507919d4fff5)
[Subsystems] Discovering subsystems at path C:/Program Files/Unity/Hub/Editor/2020.3.8f1/Editor/Data/Resources/UnitySubsystems
[Subsystems] Discovering subsystems at path C:/Users/Настя/Downloads/final_version/final_version/Assets
GfxDevice: creating device client; threaded=0
Direct3D:
    Version:  Direct3D 11.0 [level 11.1]
    Renderer: AMD Radeon(TM) Graphics (ID=0x1636)
    Vendor:   
    VRAM:     3771 MB
    Driver:   27.20.11028.10001
Invalid texture used for cursor - check importer settings or texture creation. Texture must be RGBA32, readable, have alphaIsTransparency enabled and have no mip chain.

Initialize mono
Mono path[0] = 'C:/Program Files/Unity/Hub/Editor/2020.3.8f1/Editor/Data/Managed'
Mono path[1] = 'C:/Program Files/Unity/Hub/Editor/2020.3.8f1/Editor/Data/MonoBleedingEdge/lib/mono/unityjit'
Mono config path = 'C:/Program Files/Unity/Hub/Editor/2020.3.8f1/Editor/Data/MonoBleedingEdge/etc'
Using monoOptions --debugger-agent=transport=dt_socket,embedding=1,server=y,suspend=n,address=127.0.0.1:56320
Begin MonoManager ReloadAssembly
Registering precompiled unity dll's ...
Register platform support module: C:/Program Files/Unity/Hub/Editor/2020.3.8f1/Editor/Data/PlaybackEngines/WindowsStandaloneSupport/UnityEditor.WindowsStandalone.Extensions.dll
Registered in 0.001717 seconds.
Native extension for WindowsStandalone target not found
Refreshing native plugins compatible for Editor in 40.00 ms, found 1 plugins.
Preloading 0 native plugins for Editor in 0.00 ms.
Mono: successfully reloaded assembly
- Completed reload, in  0.956 seconds
Platform modules already initialized, skipping
Registering precompiled user dll's ...
Registered in 0.000979 seconds.
Begin MonoManager ReloadAssembly
Native extension for WindowsStandalone target not found
Refreshing native plugins compatible for Editor in 38.82 ms, found 1 plugins.
Preloading 0 native plugins for Editor in 0.00 ms.
Mono: successfully reloaded assembly
- Completed reload, in  0.951 seconds
Platform modules already initialized, skipping
========================================================================
Worker process is ready to serve import requests
Launched and connected shader compiler UnityShaderCompiler.exe after 0.05 seconds
Refreshing native plugins compatible for Editor in 0.49 ms, found 1 plugins.
Preloading 0 native plugins for Editor in 0.00 ms.
Unloading 1995 Unused Serialized files (Serialized files now loaded: 0)
System memory in use before: 92.6 MB.
System memory in use after: 92.7 MB.

Unloading 20 unused Assets to reduce memory usage. Loaded Objects now: 2445.
Total: 2.596000 ms (FindLiveObjects: 0.301600 ms CreateObjectMapping: 0.125900 ms MarkObjects: 2.092900 ms  DeleteObjects: 0.073400 ms)

========================================================================
Received Import Request.
  path: Assets/Concrete2.png
  artifactKey: Guid(49a5282c4784b7248b711c66dcccc682) Importer(815301076,1909f56bfc062723c751e8b465ee728b)
Start importing Assets/Concrete2.png using Guid(49a5282c4784b7248b711c66dcccc682) Importer(815301076,1909f56bfc062723c751e8b465ee728b)  -> (artifact id: 'b77add3e7b1c3f88b18e591b9398af68') in 0.121033 seconds
  Import took 0.125166 seconds .

========================================================================
Received Import Request.
  Time since last request: 0.000349 seconds.
  path: Assets/pixelFont.ttf
  artifactKey: Guid(d0bcccd370b5ca14596e6131c0bb50de) Importer(815301076,1909f56bfc062723c751e8b465ee728b)
Start importing Assets/pixelFont.ttf using Guid(d0bcccd370b5ca14596e6131c0bb50de) Importer(815301076,1909f56bfc062723c751e8b465ee728b)  -> (artifact id: 'ec134105245b21440d6796d1a8b24a37') in 0.069207 seconds
  Import took 0.072936 seconds .

========================================================================
Received Import Request.
  Time since last request: 0.000284 seconds.
  path: Assets/MainAudioMixer.mixer
  artifactKey: Guid(8e04ed1cee4a129499544cb0a0ca0a89) Importer(815301076,1909f56bfc062723c751e8b465ee728b)
Start importing Assets/MainAudioMixer.mixer using Guid(8e04ed1cee4a129499544cb0a0ca0a89) Importer(815301076,1909f56bfc062723c751e8b465ee728b)  -> (artifact id: 'f5d15272cef966f7ef1e208038b87abf') in 0.013805 seconds
  Import took 0.017453 seconds .

========================================================================
Received Import Request.
  Time since last request: 0.000180 seconds.
  path: Assets/Sand1.png
  artifactKey: Guid(965940ce75d297840b29c6935bdeac1b) Importer(815301076,1909f56bfc062723c751e8b465ee728b)
Start importing Assets/Sand1.png using Guid(965940ce75d297840b29c6935bdeac1b) Importer(815301076,1909f56bfc062723c751e8b465ee728b)  -> (artifact id: 'ad37295ece2bb4bf3758e963b830287a') in 0.014557 seconds
  Import took 0.019353 seconds .

========================================================================
Received Import Request.
  Time since last request: 0.000378 seconds.
  path: Assets/back.png
  artifactKey: Guid(99e93c8cde37edc44b128195621ef024) Importer(815301076,1909f56bfc062723c751e8b465ee728b)
Start importing Assets/back.png using Guid(99e93c8cde37edc44b128195621ef024) Importer(815301076,1909f56bfc062723c751e8b465ee728b)  -> (artifact id: '43f19880d6a91ad3b649c87201c2bbd0') in 0.025515 seconds
  Import took 0.029432 seconds .

========================================================================
Received Import Request.
  Time since last request: 0.000171 seconds.
  path: Assets/Brick1.png
  artifactKey: Guid(d7577247491a2e04c95dab5931030380) Importer(815301076,1909f56bfc062723c751e8b465ee728b)
Start importing Assets/Brick1.png using Guid(d7577247491a2e04c95dab5931030380) Importer(815301076,1909f56bfc062723c751e8b465ee728b)  -> (artifact id: '38f3c646c10495276f0a40f152f5d8f0') in 0.015535 seconds
  Import took 0.020504 seconds .

========================================================================
Received Import Request.
  Time since last request: 0.000183 seconds.
  path: Assets/volume.png
  artifactKey: Guid(18a3a6b61c26e414b854333b759da0a0) Importer(815301076,1909f56bfc062723c751e8b465ee728b)
Start importing Assets/volume.png using Guid(18a3a6b61c26e414b854333b759da0a0) Importer(815301076,1909f56bfc062723c751e8b465ee728b)  -> (artifact id: 'a4fdb62eed081ddc05d9c0fd43a47413') in 0.026957 seconds
  Import took 0.030350 seconds .

========================================================================
Received Import Request.
  Time since last request: 0.000242 seconds.
  path: Assets/SteelPlate3.png
  artifactKey: Guid(59bdb98601161fd4bb54d335ab6616e0) Importer(815301076,1909f56bfc062723c751e8b465ee728b)
Start importing Assets/SteelPlate3.png using Guid(59bdb98601161fd4bb54d335ab6616e0) Importer(815301076,1909f56bfc062723c751e8b465ee728b)  -> (artifact id: '442a1eb60e3242b91152621d06fd75ff') in 0.013200 seconds
  Import took 0.017847 seconds .

========================================================================
Received Import Request.
  Time since last request: 0.000224 seconds.
  path: Assets/Grass7.png
  artifactKey: Guid(864604b0a6999924fb303a90c0f72e7a) Importer(815301076,1909f56bfc062723c751e8b465ee728b)
Start importing Assets/Grass7.png using Guid(864604b0a6999924fb303a90c0f72e7a) Importer(815301076,1909f56bfc062723c751e8b465ee728b)  -> (artifact id: '4c7e64fcfc1c3915e92533f88822c4f1') in 0.014861 seconds
  Import took 0.019012 seconds .

========================================================================
Received Import Request.
  Time since last request: 0.000214 seconds.
  path: Assets/not_volume.png
  artifactKey: Guid(6f23688e0d079d246b65a1d5cfee0433) Importer(815301076,1909f56bfc062723c751e8b465ee728b)
Start importing Assets/not_volume.png using Guid(6f23688e0d079d246b65a1d5cfee0433) Importer(815301076,1909f56bfc062723c751e8b465ee728b)  -> (artifact id: '69f8821ccc44909540715ee6c6448aa5') in 0.025330 seconds
  Import took 0.028780 seconds .

========================================================================
Received Import Request.
  Time since last request: 5.079073 seconds.
  path: Assets/Scenes/ChalkBoard_0.prefab
  artifactKey: Guid(3d31542ef3c7f3c4db6ca916685cefd2) Importer(815301076,1909f56bfc062723c751e8b465ee728b)
Start importing Assets/Scenes/ChalkBoard_0.prefab using Guid(3d31542ef3c7f3c4db6ca916685cefd2) Importer(815301076,1909f56bfc062723c751e8b465ee728b)  -> (artifact id: '4a464e7c13464be2d73c5046521c41be') in 0.054375 seconds
  Import took 0.058606 seconds .

========================================================================
Received Import Request.
  Time since last request: 0.000236 seconds.
  path: Assets/Scenes/Chat.prefab
  artifactKey: Guid(e1543fd97659359459455f84b5108d66) Importer(815301076,1909f56bfc062723c751e8b465ee728b)
Start importing Assets/Scenes/Chat.prefab using Guid(e1543fd97659359459455f84b5108d66) Importer(815301076,1909f56bfc062723c751e8b465ee728b)  -> (artifact id: '9c5de532290b895cc8a8cbb2fcdb5449') in 0.011297 seconds
  Import took 0.014973 seconds .

========================================================================
Received Import Request.
  Time since last request: 0.000236 seconds.
  path: Assets/Scenes/EventSystem.prefab
  artifactKey: Guid(b46d5893c38a3594da6c1217d437232c) Importer(815301076,1909f56bfc062723c751e8b465ee728b)
Start importing Assets/Scenes/EventSystem.prefab using Guid(b46d5893c38a3594da6c1217d437232c) Importer(815301076,1909f56bfc062723c751e8b465ee728b)  -> (artifact id: 'b5f4c4e6f86534de075a0c9dd463a28c') in 0.013215 seconds
  Import took 0.016954 seconds .

========================================================================
Received Import Request.
  Time since last request: 0.000365 seconds.
  path: Assets/Scenes/kursor.png
  artifactKey: Guid(660a87366664d804993704e0c6bf8a6c) Importer(815301076,1909f56bfc062723c751e8b465ee728b)
Start importing Assets/Scenes/kursor.png using Guid(660a87366664d804993704e0c6bf8a6c) Importer(815301076,1909f56bfc062723c751e8b465ee728b)  -> (artifact id: '1eb9b06137909c06363270f6551230f5') in 0.016953 seconds
  Import took 0.020758 seconds .

========================================================================
Received Import Request.
  Time since last request: 0.000265 seconds.
  path: Assets/Scenes/Pause.prefab
  artifactKey: Guid(4f89e6d830f6d6f42aee8d1d993c2c49) Importer(815301076,1909f56bfc062723c751e8b465ee728b)
Start importing Assets/Scenes/Pause.prefab using Guid(4f89e6d830f6d6f42aee8d1d993c2c49) Importer(815301076,1909f56bfc062723c751e8b465ee728b)  -> (artifact id: 'fdc42196e0998c19e34162ccd8c5b276') in 0.047265 seconds
  Import took 0.052026 seconds .

========================================================================
Received Import Request.
  Time since last request: 5.812699 seconds.
  path: Assets/Scenes/StartGame.unity
  artifactKey: Guid(f2cf0d8707b5adc458e2b925089b9d78) Importer(815301076,1909f56bfc062723c751e8b465ee728b)
Start importing Assets/Scenes/StartGame.unity using Guid(f2cf0d8707b5adc458e2b925089b9d78) Importer(815301076,1909f56bfc062723c751e8b465ee728b)  -> (artifact id: '3f87d8bf57b318d72431961897acacd1') in 0.009260 seconds
  Import took 0.012812 seconds .

========================================================================
Received Import Request.
  Time since last request: 0.003768 seconds.
  path: Assets/Scenes/StartGame.unity
  artifactKey: Guid(f2cf0d8707b5adc458e2b925089b9d78) Importer(815301076,1909f56bfc062723c751e8b465ee728b)
Start importing Assets/Scenes/StartGame.unity using Guid(f2cf0d8707b5adc458e2b925089b9d78) Importer(815301076,1909f56bfc062723c751e8b465ee728b)  -> (artifact id: '3f87d8bf57b318d72431961897acacd1') in 0.003367 seconds
  Import took 0.007162 seconds .

========================================================================
Received Prepare
Registering precompiled user dll's ...
Registered in 0.001098 seconds.
Begin MonoManager ReloadAssembly
Native extension for WindowsStandalone target not found
Refreshing native plugins compatible for Editor in 0.44 ms, found 1 plugins.
Preloading 0 native plugins for Editor in 0.00 ms.
Mono: successfully reloaded assembly
- Completed reload, in  0.843 seconds
Platform modules already initialized, skipping
Refreshing native plugins compatible for Editor in 0.42 ms, found 1 plugins.
Preloading 0 native plugins for Editor in 0.00 ms.
Unloading 1982 Unused Serialized files (Serialized files now loaded: 0)
System memory in use before: 95.3 MB.
System memory in use after: 95.4 MB.

Unloading 9 unused Assets to reduce memory usage. Loaded Objects now: 2499.
Total: 2.797400 ms (FindLiveObjects: 0.288200 ms CreateObjectMapping: 0.047700 ms MarkObjects: 2.434700 ms  DeleteObjects: 0.024600 ms)

========================================================================
Received Prepare
Refreshing native plugins compatible for Editor in 1.58 ms, found 1 plugins.
Preloading 0 native plugins for Editor in 0.00 ms.
Unloading 5 Unused Serialized files (Serialized files now loaded: 0)
System memory in use before: 56.1 MB.
System memory in use after: 56.2 MB.

Unloading 5 unused Assets to reduce memory usage. Loaded Objects now: 2499.
Total: 3.245600 ms (FindLiveObjects: 0.219900 ms CreateObjectMapping: 0.047900 ms MarkObjects: 2.959900 ms  DeleteObjects: 0.016900 ms)

========================================================================
Received Prepare
Refreshing native plugins compatible for Editor in 2.18 ms, found 1 plugins.
Preloading 0 native plugins for Editor in 0.00 ms.
Unloading 5 Unused Serialized files (Serialized files now loaded: 0)
System memory in use before: 56.1 MB.
System memory in use after: 56.2 MB.

Unloading 5 unused Assets to reduce memory usage. Loaded Objects now: 2499.
Total: 2.159700 ms (FindLiveObjects: 0.223600 ms CreateObjectMapping: 0.047400 ms MarkObjects: 1.872200 ms  DeleteObjects: 0.015500 ms)

========================================================================
Received Prepare
Refreshing native plugins compatible for Editor in 1.52 ms, found 1 plugins.
Preloading 0 native plugins for Editor in 0.00 ms.
Unloading 5 Unused Serialized files (Serialized files now loaded: 0)
System memory in use before: 56.1 MB.
System memory in use after: 56.2 MB.

Unloading 5 unused Assets to reduce memory usage. Loaded Objects now: 2499.
Total: 2.273700 ms (FindLiveObjects: 0.219300 ms CreateObjectMapping: 0.053100 ms MarkObjects: 1.984200 ms  DeleteObjects: 0.016400 ms)

AssetImportWorkerClient::OnTransportError - code=2 error=End of file
